{"numFailedTestSuites":2,"numFailedTests":1,"numPassedTestSuites":0,"numPassedTests":0,"numPendingTestSuites":0,"numPendingTests":0,"numRuntimeErrorTestSuites":1,"numTodoTests":0,"numTotalTestSuites":2,"numTotalTests":1,"openHandles":[],"snapshot":{"added":0,"didUpdate":false,"failure":false,"filesAdded":0,"filesRemoved":0,"filesRemovedList":[],"filesUnmatched":0,"filesUpdated":0,"matched":0,"total":0,"unchecked":0,"uncheckedKeysByFile":[],"unmatched":0,"updated":0},"startTime":1605112272423,"success":false,"testResults":[{"assertionResults":[{"ancestorTitles":["withClockSetter"],"failureMessages":["TypeError: MutationObserver is not a constructor\n    at /Users/ash/bosscontrol/dev/frontend/node_modules/@testing-library/dom/dist/wait-for.js:78:18\n    at new Promise (<anonymous>)\n    at waitFor (/Users/ash/bosscontrol/dev/frontend/node_modules/@testing-library/dom/dist/wait-for.js:40:10)\n    at /Users/ash/bosscontrol/dev/frontend/node_modules/@testing-library/dom/dist/wait-for.js:150:54\n    at Object.asyncWrapper (/Users/ash/bosscontrol/dev/frontend/node_modules/@testing-library/dom/dist/config.js:26:23)\n    at waitForWrapper (/Users/ash/bosscontrol/dev/frontend/node_modules/@testing-library/dom/dist/wait-for.js:150:35)\n    at Object.<anonymous> (/Users/ash/bosscontrol/dev/frontend/src/components/TimeAttendance/withClockSetter.test.tsx:21:11)\n    at Object.asyncJestTest (/Users/ash/bosscontrol/dev/frontend/node_modules/@jest/core/node_modules/jest-jasmine2/build/jasmineAsyncInstall.js:106:37)\n    at /Users/ash/bosscontrol/dev/frontend/node_modules/@jest/core/node_modules/jest-jasmine2/build/queueRunner.js:45:12\n    at new Promise (<anonymous>)\n    at mapper (/Users/ash/bosscontrol/dev/frontend/node_modules/@jest/core/node_modules/jest-jasmine2/build/queueRunner.js:28:19)\n    at /Users/ash/bosscontrol/dev/frontend/node_modules/@jest/core/node_modules/jest-jasmine2/build/queueRunner.js:75:41\n    at processTicksAndRejections (internal/process/task_queues.js:97:5)"],"fullName":"withClockSetter every interval updates date by interval.","location":null,"status":"failed","title":"every interval updates date by interval."}],"endTime":1605112279805,"message":"\u001b[1m\u001b[31m  \u001b[1m● \u001b[22m\u001b[1mwithClockSetter › every interval updates date by interval.\u001b[39m\u001b[22m\n\n    TypeError: MutationObserver is not a constructor\n\u001b[2m\u001b[22m\n\u001b[2m    \u001b[0m \u001b[90m 19 | \u001b[39m    \u001b[36mconst\u001b[39m result \u001b[33m=\u001b[39m screen\u001b[33m.\u001b[39mgetByTestId(resultTestId)\u001b[0m\u001b[22m\n\u001b[2m    \u001b[0m \u001b[90m 20 | \u001b[39m    expect(result\u001b[33m.\u001b[39mtextContent)\u001b[33m.\u001b[39mtoBe(\u001b[32m'0'\u001b[39m)\u001b[0m\u001b[22m\n\u001b[2m    \u001b[0m\u001b[31m\u001b[1m>\u001b[22m\u001b[2m\u001b[39m\u001b[90m 21 | \u001b[39m    await waitFor(() \u001b[33m=>\u001b[39m expect(result\u001b[33m.\u001b[39mtextContent)\u001b[33m.\u001b[39mtoBe(\u001b[32m'1'\u001b[39m))\u001b[0m\u001b[22m\n\u001b[2m    \u001b[0m \u001b[90m    | \u001b[39m          \u001b[31m\u001b[1m^\u001b[22m\u001b[2m\u001b[39m\u001b[0m\u001b[22m\n\u001b[2m    \u001b[0m \u001b[90m 22 | \u001b[39m  })\u001b[0m\u001b[22m\n\u001b[2m    \u001b[0m \u001b[90m 23 | \u001b[39m})\u001b[0m\u001b[22m\n\u001b[2m    \u001b[0m \u001b[90m 24 | \u001b[39m\u001b[0m\u001b[22m\n\u001b[2m\u001b[22m\n\u001b[2m      \u001b[2mat \u001b[22m\u001b[2mnode_modules/@testing-library/dom/dist/wait-for.js\u001b[2m:78:18\u001b[22m\u001b[2m\u001b[22m\n\u001b[2m      \u001b[2mat waitFor (\u001b[22m\u001b[2mnode_modules/@testing-library/dom/dist/wait-for.js\u001b[2m:40:10)\u001b[22m\u001b[2m\u001b[22m\n\u001b[2m      \u001b[2mat \u001b[22m\u001b[2mnode_modules/@testing-library/dom/dist/wait-for.js\u001b[2m:150:54\u001b[22m\u001b[2m\u001b[22m\n\u001b[2m      \u001b[2mat Object.asyncWrapper (\u001b[22m\u001b[2mnode_modules/@testing-library/dom/dist/config.js\u001b[2m:26:23)\u001b[22m\u001b[2m\u001b[22m\n\u001b[2m      \u001b[2mat waitForWrapper (\u001b[22m\u001b[2mnode_modules/@testing-library/dom/dist/wait-for.js\u001b[2m:150:35)\u001b[22m\u001b[2m\u001b[22m\n\u001b[2m      \u001b[2mat Object.<anonymous> (\u001b[22m\u001b[2m\u001b[0m\u001b[36msrc/components/TimeAttendance/withClockSetter.test.tsx\u001b[39m\u001b[0m\u001b[2m:21:11)\u001b[22m\u001b[2m\u001b[22m\n","name":"/Users/ash/bosscontrol/dev/frontend/src/components/TimeAttendance/withClockSetter.test.tsx","startTime":1605112273763,"status":"failed","summary":""},{"assertionResults":[],"coverage":{},"endTime":1605112293094,"message":"  \u001b[1m● \u001b[22mTest suite failed to run\n\n    Cannot find module '@/components/GeneralPermissions.context' from '.storybook/preview.js'\n\n    Require stack:\n      .storybook/preview.js\n      node_modules/@storybook/addon-storyshots/dist/frameworks/configure.js\n      node_modules/@storybook/addon-storyshots/dist/frameworks/angular/loader.js\n      node_modules/@storybook/addon-storyshots/dist/frameworks/frameworkLoader.js\n      node_modules/@storybook/addon-storyshots/dist/api/index.js\n      node_modules/@storybook/addon-storyshots/dist/index.js\n      .storybook/storybook.test.js\n\n    \u001b[0m \u001b[90m 4 | \u001b[39m\u001b[36mimport\u001b[39m \u001b[33mStoryRouter\u001b[39m from \u001b[32m'storybook-react-router'\u001b[39m\u001b[0m\n    \u001b[0m \u001b[90m 5 | \u001b[39m\u001b[0m\n    \u001b[0m\u001b[31m\u001b[1m>\u001b[22m\u001b[39m\u001b[90m 6 | \u001b[39m\u001b[36mimport\u001b[39m { \u001b[33mGeneralPermissionsContext\u001b[39m } from \u001b[32m'@/components/GeneralPermissions.context'\u001b[39m\u001b[0m\n    \u001b[0m \u001b[90m   | \u001b[39m\u001b[31m\u001b[1m^\u001b[22m\u001b[39m\u001b[0m\n    \u001b[0m \u001b[90m 7 | \u001b[39m\u001b[36mimport\u001b[39m { \u001b[33mLayoutPermissionsContext\u001b[39m } from\u001b[0m\n    \u001b[0m \u001b[90m 8 | \u001b[39m    \u001b[32m'@/components/LayoutPermissions.context'\u001b[39m\u001b[0m\n    \u001b[0m \u001b[90m 9 | \u001b[39m\u001b[36mimport\u001b[39m { \u001b[33mPagePermissionsContext\u001b[39m } from\u001b[0m\n\n      \u001b[2mat Resolver.resolveModule (\u001b[22mnode_modules/jest-runtime/node_modules/jest-resolve/build/index.js\u001b[2m:306:11)\u001b[22m\n      \u001b[2mat Object.<anonymous> (\u001b[22m.storybook/preview.js\u001b[2m:6:1)\u001b[22m\n","name":"/Users/ash/bosscontrol/dev/frontend/.storybook/storybook.test.js","startTime":1605112293094,"status":"failed","summary":""}],"wasInterrupted":false}